android/app/build/intermediates/manifest_merge_blame_file/debug/manifest-merger-blame-debug-report.txt
1<?xml version="1.0" encoding="utf-8"?>
2<manifest xmlns:android="http://schemas.android.com/apk/res/android"
3    package="com.d9dating"
4    android:versionCode="1"
5    android:versionName="1.0" >
6
7    <uses-sdk
8        android:minSdkVersion="21"
9        android:targetSdkVersion="33" />
10
11    <uses-permission android:name="android.permission.SYSTEM_ALERT_WINDOW" />
11-->src\debug\AndroidManifest.xml:5:5-77
11-->src\debug\AndroidManifest.xml:5:22-75
12    <uses-permission android:name="android.permission.VIBRATE" />
12-->src\main\AndroidManifest.xml:5:2-63
12-->src\main\AndroidManifest.xml:5:19-60
13    <uses-permission android:name="android.permission.RECEIVE_BOOT_COMPLETED" />
13-->src\main\AndroidManifest.xml:6:5-81
13-->src\main\AndroidManifest.xml:6:22-78
14    <uses-permission android:name="android.permission.INTERNET" />
14-->src\main\AndroidManifest.xml:7:4-66
14-->src\main\AndroidManifest.xml:7:21-63
15    <uses-permission android:name="android.permission.POST_NOTIFICATIONS" />
15-->src\main\AndroidManifest.xml:8:4-75
15-->src\main\AndroidManifest.xml:8:21-73
16    <uses-permission android:name="android.permission.CAMERA" />
16-->src\main\AndroidManifest.xml:9:5-65
16-->src\main\AndroidManifest.xml:9:22-62
17    <uses-permission android:name="android.permission.WRITE_EXTERNAL_STORAGE" />
17-->src\main\AndroidManifest.xml:10:5-81
17-->src\main\AndroidManifest.xml:10:22-78
18    <uses-permission android:name="android.permission.READ_EXTERNAL_STORAGE" />
18-->src\main\AndroidManifest.xml:11:5-80
18-->src\main\AndroidManifest.xml:11:22-77
19    <uses-permission android:name="android.permission.ACCESS_FINE_LOCATION" />
19-->src\main\AndroidManifest.xml:12:5-79
19-->src\main\AndroidManifest.xml:12:22-76
20    <uses-permission android:name="android.permission.ACCESS_COARSE_LOCATION" />
20-->src\main\AndroidManifest.xml:13:5-81
20-->src\main\AndroidManifest.xml:13:22-78
21    <uses-permission android:name="android.permission.ACCESS_WIFI_STATE" />
21-->[com.facebook.flipper:flipper:0.125.0] AndroidManifest.xml:16:5-76
21-->[com.facebook.flipper:flipper:0.125.0] AndroidManifest.xml:16:22-73
22    <uses-permission android:name="android.permission.WAKE_LOCK" />
22-->[:react-native-firebase_messaging] AndroidManifest.xml:10:5-68
22-->[:react-native-firebase_messaging] AndroidManifest.xml:10:22-65
23    <uses-permission android:name="android.permission.ACCESS_NETWORK_STATE" /> <!-- Required to access Google Play Licensing -->
23-->[:react-native-firebase_messaging] AndroidManifest.xml:11:5-79
23-->[:react-native-firebase_messaging] AndroidManifest.xml:11:22-76
24    <uses-permission android:name="com.android.vending.CHECK_LICENSE" /> <!-- Required by older versions of Google Play services to create IID tokens -->
24-->[:rn-fetch-blob] AndroidManifest.xml:10:5-73
24-->[:rn-fetch-blob] AndroidManifest.xml:10:22-70
25    <uses-permission android:name="com.google.android.c2dm.permission.RECEIVE" />
25-->[com.google.firebase:firebase-messaging:23.1.2] AndroidManifest.xml:28:5-82
25-->[com.google.firebase:firebase-messaging:23.1.2] AndroidManifest.xml:28:22-79
26    <uses-permission android:name="com.google.android.gms.permission.AD_ID" />
26-->[com.google.android.gms:play-services-measurement-api:21.2.2] AndroidManifest.xml:25:5-79
26-->[com.google.android.gms:play-services-measurement-api:21.2.2] AndroidManifest.xml:25:22-76
27    <uses-permission android:name="android.permission.FOREGROUND_SERVICE" />
27-->[androidx.work:work-runtime:2.7.1] AndroidManifest.xml:28:5-77
27-->[androidx.work:work-runtime:2.7.1] AndroidManifest.xml:28:22-74
28
29    <uses-feature
29-->[com.google.android.gms:play-services-maps:18.0.2] AndroidManifest.xml:26:5-28:35
30        android:glEsVersion="0x00020000"
30-->[com.google.android.gms:play-services-maps:18.0.2] AndroidManifest.xml:27:9-41
31        android:required="true" />
31-->[com.google.android.gms:play-services-maps:18.0.2] AndroidManifest.xml:28:9-32
32
33    <queries>
33-->[com.google.android.gms:play-services-maps:18.0.2] AndroidManifest.xml:30:5-34:15
34
35        <!-- Needs to be explicitly declared on Android R+ -->
36        <package android:name="com.google.android.apps.maps" />
36-->[com.google.android.gms:play-services-maps:18.0.2] AndroidManifest.xml:33:9-64
36-->[com.google.android.gms:play-services-maps:18.0.2] AndroidManifest.xml:33:18-61
37    </queries>
38
39    <uses-permission android:name="com.google.android.finsky.permission.BIND_GET_INSTALL_REFERRER_SERVICE" /> <!-- for android -->
39-->[com.google.android.gms:play-services-measurement:21.2.2] AndroidManifest.xml:26:5-110
39-->[com.google.android.gms:play-services-measurement:21.2.2] AndroidManifest.xml:26:22-107
40    <!-- <uses-permission android:name="com.android.launcher.permission.READ_SETTINGS"/> -->
41    <!-- <uses-permission android:name="com.android.launcher.permission.WRITE_SETTINGS"/> -->
42    <!-- <uses-permission android:name="com.android.launcher.permission.INSTALL_SHORTCUT" /> -->
43    <!-- <uses-permission android:name="com.android.launcher.permission.UNINSTALL_SHORTCUT" /> -->
44    <!-- for Samsung -->
45    <uses-permission android:name="com.sec.android.provider.badge.permission.READ" />
45-->[me.leolin:ShortcutBadger:1.1.22] AndroidManifest.xml:19:5-86
45-->[me.leolin:ShortcutBadger:1.1.22] AndroidManifest.xml:19:22-83
46    <uses-permission android:name="com.sec.android.provider.badge.permission.WRITE" /> <!-- for htc -->
46-->[me.leolin:ShortcutBadger:1.1.22] AndroidManifest.xml:20:5-87
46-->[me.leolin:ShortcutBadger:1.1.22] AndroidManifest.xml:20:22-84
47    <uses-permission android:name="com.htc.launcher.permission.READ_SETTINGS" />
47-->[me.leolin:ShortcutBadger:1.1.22] AndroidManifest.xml:23:5-81
47-->[me.leolin:ShortcutBadger:1.1.22] AndroidManifest.xml:23:22-78
48    <uses-permission android:name="com.htc.launcher.permission.UPDATE_SHORTCUT" /> <!-- for sony -->
48-->[me.leolin:ShortcutBadger:1.1.22] AndroidManifest.xml:24:5-83
48-->[me.leolin:ShortcutBadger:1.1.22] AndroidManifest.xml:24:22-80
49    <uses-permission android:name="com.sonyericsson.home.permission.BROADCAST_BADGE" />
49-->[me.leolin:ShortcutBadger:1.1.22] AndroidManifest.xml:27:5-88
49-->[me.leolin:ShortcutBadger:1.1.22] AndroidManifest.xml:27:22-85
50    <uses-permission android:name="com.sonymobile.home.permission.PROVIDER_INSERT_BADGE" /> <!-- for apex -->
50-->[me.leolin:ShortcutBadger:1.1.22] AndroidManifest.xml:28:5-92
50-->[me.leolin:ShortcutBadger:1.1.22] AndroidManifest.xml:28:22-89
51    <uses-permission android:name="com.anddoes.launcher.permission.UPDATE_COUNT" /> <!-- for solid -->
51-->[me.leolin:ShortcutBadger:1.1.22] AndroidManifest.xml:31:5-84
51-->[me.leolin:ShortcutBadger:1.1.22] AndroidManifest.xml:31:22-81
52    <uses-permission android:name="com.majeur.launcher.permission.UPDATE_BADGE" /> <!-- for huawei -->
52-->[me.leolin:ShortcutBadger:1.1.22] AndroidManifest.xml:34:5-83
52-->[me.leolin:ShortcutBadger:1.1.22] AndroidManifest.xml:34:22-80
53    <uses-permission android:name="com.huawei.android.launcher.permission.CHANGE_BADGE" />
53-->[me.leolin:ShortcutBadger:1.1.22] AndroidManifest.xml:37:5-91
53-->[me.leolin:ShortcutBadger:1.1.22] AndroidManifest.xml:37:22-88
54    <uses-permission android:name="com.huawei.android.launcher.permission.READ_SETTINGS" />
54-->[me.leolin:ShortcutBadger:1.1.22] AndroidManifest.xml:38:5-92
54-->[me.leolin:ShortcutBadger:1.1.22] AndroidManifest.xml:38:22-89
55    <uses-permission android:name="com.huawei.android.launcher.permission.WRITE_SETTINGS" /> <!-- for ZUK -->
55-->[me.leolin:ShortcutBadger:1.1.22] AndroidManifest.xml:39:5-93
55-->[me.leolin:ShortcutBadger:1.1.22] AndroidManifest.xml:39:22-90
56    <uses-permission android:name="android.permission.READ_APP_BADGE" /> <!-- for OPPO -->
56-->[me.leolin:ShortcutBadger:1.1.22] AndroidManifest.xml:42:5-73
56-->[me.leolin:ShortcutBadger:1.1.22] AndroidManifest.xml:42:22-70
57    <uses-permission android:name="com.oppo.launcher.permission.READ_SETTINGS" />
57-->[me.leolin:ShortcutBadger:1.1.22] AndroidManifest.xml:45:5-82
57-->[me.leolin:ShortcutBadger:1.1.22] AndroidManifest.xml:45:22-79
58    <uses-permission android:name="com.oppo.launcher.permission.WRITE_SETTINGS" /> <!-- for EvMe -->
58-->[me.leolin:ShortcutBadger:1.1.22] AndroidManifest.xml:46:5-83
58-->[me.leolin:ShortcutBadger:1.1.22] AndroidManifest.xml:46:22-80
59    <uses-permission android:name="me.everything.badger.permission.BADGE_COUNT_READ" />
59-->[me.leolin:ShortcutBadger:1.1.22] AndroidManifest.xml:49:5-88
59-->[me.leolin:ShortcutBadger:1.1.22] AndroidManifest.xml:49:22-85
60    <uses-permission android:name="me.everything.badger.permission.BADGE_COUNT_WRITE" />
60-->[me.leolin:ShortcutBadger:1.1.22] AndroidManifest.xml:50:5-89
60-->[me.leolin:ShortcutBadger:1.1.22] AndroidManifest.xml:50:22-86
61
62    <application
62-->src\main\AndroidManifest.xml:15:5-47:19
63        android:name="com.d9dating.MainApplication"
63-->src\main\AndroidManifest.xml:16:5-36
64        android:allowBackup="false"
64-->src\main\AndroidManifest.xml:20:5-32
65        android:appComponentFactory="androidx.core.app.CoreComponentFactory"
65-->[androidx.core:core:1.7.0] AndroidManifest.xml:24:18-86
66        android:debuggable="true"
67        android:icon="@mipmap/ic_launcher"
67-->src\main\AndroidManifest.xml:18:5-39
68        android:label="@string/app_name"
68-->src\main\AndroidManifest.xml:17:5-37
69        android:roundIcon="@mipmap/ic_launcher_round"
69-->src\main\AndroidManifest.xml:19:5-50
70        android:supportsRtl="true"
70-->[com.github.prscX:photo-editor-android:master] AndroidManifest.xml:14:9-35
71        android:theme="@style/AppTheme"
71-->src\main\AndroidManifest.xml:21:5-36
72        android:usesCleartextTraffic="true" >
72-->src\main\AndroidManifest.xml:22:5-40
73        <activity
73-->src\debug\AndroidManifest.xml:11:9-111
74            android:name="com.facebook.react.devsupport.DevSettingsActivity"
74-->src\debug\AndroidManifest.xml:11:19-83
75            android:exported="false" />
75-->src\debug\AndroidManifest.xml:11:84-108
76        <activity
76-->src\main\AndroidManifest.xml:26:7-38:18
77            android:name="com.d9dating.MainActivity"
77-->src\main\AndroidManifest.xml:27:7-35
78            android:configChanges="keyboard|keyboardHidden|orientation|screenLayout|screenSize|smallestScreenSize|uiMode"
78-->src\main\AndroidManifest.xml:29:7-116
79            android:exported="true"
79-->src\main\AndroidManifest.xml:32:7-30
80            android:label="@string/app_name"
80-->src\main\AndroidManifest.xml:28:7-39
81            android:launchMode="singleTask"
81-->src\main\AndroidManifest.xml:30:7-38
82            android:windowSoftInputMode="adjustResize" >
82-->src\main\AndroidManifest.xml:31:7-49
83            <intent-filter>
83-->src\main\AndroidManifest.xml:34:9-37:25
84                <action android:name="android.intent.action.MAIN" />
84-->src\main\AndroidManifest.xml:35:13-65
84-->src\main\AndroidManifest.xml:35:21-62
85
86                <category android:name="android.intent.category.LAUNCHER" />
86-->src\main\AndroidManifest.xml:36:13-73
86-->src\main\AndroidManifest.xml:36:23-70
87            </intent-filter>
88        </activity>
89        <activity android:name="com.ahmedadeltito.photoeditor.PhotoEditorActivity" />
89-->src\main\AndroidManifest.xml:39:8-41:7
89-->src\main\AndroidManifest.xml:40:7-71
90        <activity android:name="com.yalantis.ucrop.UCropActivity" />
90-->src\main\AndroidManifest.xml:42:7-67
90-->src\main\AndroidManifest.xml:42:17-64
91
92        <meta-data
92-->src\main\AndroidManifest.xml:43:8-46:7
93            android:name="com.google.android.geo.API_KEY"
93-->src\main\AndroidManifest.xml:44:7-52
94            android:value="AIzaSyD8i3TGGkBPF757aCT-w36E6zvSer3r2KE" />
94-->src\main\AndroidManifest.xml:45:7-62
95
96        <service
96-->[:react-native-firebase_messaging] AndroidManifest.xml:14:9-16:40
97            android:name="io.invertase.firebase.messaging.ReactNativeFirebaseMessagingHeadlessService"
97-->[:react-native-firebase_messaging] AndroidManifest.xml:15:13-103
98            android:exported="false" />
98-->[:react-native-firebase_messaging] AndroidManifest.xml:16:13-37
99        <service
99-->[:react-native-firebase_messaging] AndroidManifest.xml:17:9-23:19
100            android:name="io.invertase.firebase.messaging.ReactNativeFirebaseMessagingService"
100-->[:react-native-firebase_messaging] AndroidManifest.xml:18:13-95
101            android:exported="false" >
101-->[:react-native-firebase_messaging] AndroidManifest.xml:19:13-37
102            <intent-filter>
102-->[:react-native-firebase_messaging] AndroidManifest.xml:20:13-22:29
103                <action android:name="com.google.firebase.MESSAGING_EVENT" />
103-->[:react-native-firebase_messaging] AndroidManifest.xml:21:17-78
103-->[:react-native-firebase_messaging] AndroidManifest.xml:21:25-75
104            </intent-filter>
105        </service>
106
107        <receiver
107-->[:react-native-firebase_messaging] AndroidManifest.xml:25:9-32:20
108            android:name="io.invertase.firebase.messaging.ReactNativeFirebaseMessagingReceiver"
108-->[:react-native-firebase_messaging] AndroidManifest.xml:26:13-96
109            android:exported="true"
109-->[:react-native-firebase_messaging] AndroidManifest.xml:27:13-36
110            android:permission="com.google.android.c2dm.permission.SEND" >
110-->[:react-native-firebase_messaging] AndroidManifest.xml:28:13-73
111            <intent-filter>
111-->[:react-native-firebase_messaging] AndroidManifest.xml:29:13-31:29
112                <action android:name="com.google.android.c2dm.intent.RECEIVE" />
112-->[:react-native-firebase_messaging] AndroidManifest.xml:30:17-81
112-->[:react-native-firebase_messaging] AndroidManifest.xml:30:25-78
113            </intent-filter>
114        </receiver>
115
116        <meta-data
116-->[:react-native-firebase_messaging] AndroidManifest.xml:34:9-36:36
117            android:name="firebase_messaging_auto_init_enabled"
117-->[:react-native-firebase_messaging] AndroidManifest.xml:35:13-64
118            android:value="true" />
118-->[:react-native-firebase_messaging] AndroidManifest.xml:36:13-33
119        <meta-data
119-->[:react-native-firebase_messaging] AndroidManifest.xml:37:9-39:32
120            android:name="com.google.firebase.messaging.default_notification_channel_id"
120-->[:react-native-firebase_messaging] AndroidManifest.xml:38:13-89
121            android:value="" />
121-->[:react-native-firebase_messaging] AndroidManifest.xml:39:13-29
122        <meta-data
122-->[:react-native-firebase_messaging] AndroidManifest.xml:40:9-42:47
123            android:name="com.google.firebase.messaging.default_notification_color"
123-->[:react-native-firebase_messaging] AndroidManifest.xml:41:13-84
124            android:resource="@color/white" />
124-->[:react-native-firebase_messaging] AndroidManifest.xml:42:13-44
125        <meta-data
125-->[:react-native-firebase_app] AndroidManifest.xml:11:9-13:36
126            android:name="app_data_collection_default_enabled"
126-->[:react-native-firebase_app] AndroidManifest.xml:12:13-63
127            android:value="true" />
127-->[:react-native-firebase_app] AndroidManifest.xml:13:13-33
128
129        <service
129-->[:react-native-firebase_app] AndroidManifest.xml:15:9-23:19
130            android:name="com.google.firebase.components.ComponentDiscoveryService"
130-->[:react-native-firebase_app] AndroidManifest.xml:16:13-84
131            android:directBootAware="true"
131-->[:react-native-firebase_app] AndroidManifest.xml:17:13-43
132            android:exported="false" >
132-->[:react-native-firebase_app] AndroidManifest.xml:18:13-37
133            <meta-data
133-->[:react-native-firebase_app] AndroidManifest.xml:20:13-22:85
134                android:name="com.google.firebase.components:io.invertase.firebase.app.ReactNativeFirebaseAppRegistrar"
134-->[:react-native-firebase_app] AndroidManifest.xml:21:17-120
135                android:value="com.google.firebase.components.ComponentRegistrar" />
135-->[:react-native-firebase_app] AndroidManifest.xml:22:17-82
136            <meta-data
136-->[com.google.firebase:firebase-analytics-ktx:21.2.2] AndroidManifest.xml:11:13-13:85
137                android:name="com.google.firebase.components:com.google.firebase.analytics.ktx.FirebaseAnalyticsKtxRegistrar"
137-->[com.google.firebase:firebase-analytics-ktx:21.2.2] AndroidManifest.xml:12:17-126
138                android:value="com.google.firebase.components.ComponentRegistrar" />
138-->[com.google.firebase:firebase-analytics-ktx:21.2.2] AndroidManifest.xml:13:17-82
139            <meta-data
139-->[com.google.firebase:firebase-messaging:23.1.2] AndroidManifest.xml:55:13-57:85
140                android:name="com.google.firebase.components:com.google.firebase.messaging.FirebaseMessagingRegistrar"
140-->[com.google.firebase:firebase-messaging:23.1.2] AndroidManifest.xml:56:17-119
141                android:value="com.google.firebase.components.ComponentRegistrar" />
141-->[com.google.firebase:firebase-messaging:23.1.2] AndroidManifest.xml:57:17-82
142            <meta-data
142-->[com.google.firebase:firebase-datatransport:18.1.7] AndroidManifest.xml:27:13-29:85
143                android:name="com.google.firebase.components:com.google.firebase.datatransport.TransportRegistrar"
143-->[com.google.firebase:firebase-datatransport:18.1.7] AndroidManifest.xml:28:17-115
144                android:value="com.google.firebase.components.ComponentRegistrar" />
144-->[com.google.firebase:firebase-datatransport:18.1.7] AndroidManifest.xml:29:17-82
145            <meta-data
145-->[com.google.firebase:firebase-common-ktx:20.3.2] AndroidManifest.xml:14:13-16:85
146                android:name="com.google.firebase.components:com.google.firebase.ktx.FirebaseCommonKtxRegistrar"
146-->[com.google.firebase:firebase-common-ktx:20.3.2] AndroidManifest.xml:15:17-113
147                android:value="com.google.firebase.components.ComponentRegistrar" />
147-->[com.google.firebase:firebase-common-ktx:20.3.2] AndroidManifest.xml:16:17-82
148            <meta-data
148-->[com.google.android.gms:play-services-measurement-api:21.2.2] AndroidManifest.xml:31:13-33:85
149                android:name="com.google.firebase.components:com.google.firebase.analytics.connector.internal.AnalyticsConnectorRegistrar"
149-->[com.google.android.gms:play-services-measurement-api:21.2.2] AndroidManifest.xml:32:17-139
150                android:value="com.google.firebase.components.ComponentRegistrar" />
150-->[com.google.android.gms:play-services-measurement-api:21.2.2] AndroidManifest.xml:33:17-82
151            <meta-data
151-->[com.google.firebase:firebase-installations:17.1.3] AndroidManifest.xml:17:13-19:85
152                android:name="com.google.firebase.components:com.google.firebase.installations.FirebaseInstallationsRegistrar"
152-->[com.google.firebase:firebase-installations:17.1.3] AndroidManifest.xml:18:17-127
153                android:value="com.google.firebase.components.ComponentRegistrar" />
153-->[com.google.firebase:firebase-installations:17.1.3] AndroidManifest.xml:19:17-82
154        </service>
155
156        <provider
156-->[:react-native-firebase_app] AndroidManifest.xml:25:9-29:38
157            android:name="io.invertase.firebase.app.ReactNativeFirebaseAppInitProvider"
157-->[:react-native-firebase_app] AndroidManifest.xml:26:13-88
158            android:authorities="com.d9dating.reactnativefirebaseappinitprovider"
158-->[:react-native-firebase_app] AndroidManifest.xml:27:13-86
159            android:exported="false"
159-->[:react-native-firebase_app] AndroidManifest.xml:28:13-37
160            android:initOrder="99" />
160-->[:react-native-firebase_app] AndroidManifest.xml:29:13-35
161        <provider
161-->[:react-native-image-picker] AndroidManifest.xml:10:9-18:20
162            android:name="com.imagepicker.ImagePickerProvider"
162-->[:react-native-image-picker] AndroidManifest.xml:11:13-63
163            android:authorities="com.d9dating.imagepickerprovider"
163-->[:react-native-image-picker] AndroidManifest.xml:12:13-71
164            android:exported="false"
164-->[:react-native-image-picker] AndroidManifest.xml:13:13-37
165            android:grantUriPermissions="true" >
165-->[:react-native-image-picker] AndroidManifest.xml:14:13-47
166            <meta-data
166-->[:react-native-image-picker] AndroidManifest.xml:15:13-17:70
167                android:name="android.support.FILE_PROVIDER_PATHS"
167-->[:react-native-image-picker] AndroidManifest.xml:16:17-67
168                android:resource="@xml/imagepicker_provider_paths" />
168-->[:react-native-image-picker] AndroidManifest.xml:17:17-67
169        </provider>
170        <provider
170-->[:react-native-webview] AndroidManifest.xml:10:9-18:20
171            android:name="com.reactnativecommunity.webview.RNCWebViewFileProvider"
171-->[:react-native-webview] AndroidManifest.xml:11:13-83
172            android:authorities="com.d9dating.fileprovider"
172-->[:react-native-webview] AndroidManifest.xml:12:13-64
173            android:exported="false"
173-->[:react-native-webview] AndroidManifest.xml:13:13-37
174            android:grantUriPermissions="true" >
174-->[:react-native-webview] AndroidManifest.xml:14:13-47
175            <meta-data
175-->[:react-native-image-picker] AndroidManifest.xml:15:13-17:70
176                android:name="android.support.FILE_PROVIDER_PATHS"
176-->[:react-native-image-picker] AndroidManifest.xml:16:17-67
177                android:resource="@xml/file_provider_paths" />
177-->[:react-native-image-picker] AndroidManifest.xml:17:17-67
178        </provider>
179        <provider
179-->[:rn-fetch-blob] AndroidManifest.xml:34:9-42:20
180            android:name="com.RNFetchBlob.Utils.FileProvider"
180-->[:rn-fetch-blob] AndroidManifest.xml:35:13-62
181            android:authorities="com.d9dating.provider"
181-->[:rn-fetch-blob] AndroidManifest.xml:36:13-60
182            android:exported="false"
182-->[:rn-fetch-blob] AndroidManifest.xml:37:13-37
183            android:grantUriPermissions="true" >
183-->[:rn-fetch-blob] AndroidManifest.xml:38:13-47
184            <meta-data
184-->[:react-native-image-picker] AndroidManifest.xml:15:13-17:70
185                android:name="android.support.FILE_PROVIDER_PATHS"
185-->[:react-native-image-picker] AndroidManifest.xml:16:17-67
186                android:resource="@xml/provider_paths" />
186-->[:react-native-image-picker] AndroidManifest.xml:17:17-67
187        </provider>
188
189        <receiver
189-->[com.google.firebase:firebase-messaging:23.1.2] AndroidManifest.xml:31:9-38:20
190            android:name="com.google.firebase.iid.FirebaseInstanceIdReceiver"
190-->[com.google.firebase:firebase-messaging:23.1.2] AndroidManifest.xml:32:13-78
191            android:exported="true"
191-->[com.google.firebase:firebase-messaging:23.1.2] AndroidManifest.xml:33:13-36
192            android:permission="com.google.android.c2dm.permission.SEND" >
192-->[com.google.firebase:firebase-messaging:23.1.2] AndroidManifest.xml:34:13-73
193            <intent-filter>
193-->[:react-native-firebase_messaging] AndroidManifest.xml:29:13-31:29
194                <action android:name="com.google.android.c2dm.intent.RECEIVE" />
194-->[:react-native-firebase_messaging] AndroidManifest.xml:30:17-81
194-->[:react-native-firebase_messaging] AndroidManifest.xml:30:25-78
195            </intent-filter>
196        </receiver>
197        <!--
198             FirebaseMessagingService performs security checks at runtime,
199             but set to not exported to explicitly avoid allowing another app to call it.
200        -->
201        <service
201-->[com.google.firebase:firebase-messaging:23.1.2] AndroidManifest.xml:44:9-51:19
202            android:name="com.google.firebase.messaging.FirebaseMessagingService"
202-->[com.google.firebase:firebase-messaging:23.1.2] AndroidManifest.xml:45:13-82
203            android:directBootAware="true"
203-->[com.google.firebase:firebase-messaging:23.1.2] AndroidManifest.xml:46:13-43
204            android:exported="false" >
204-->[com.google.firebase:firebase-messaging:23.1.2] AndroidManifest.xml:47:13-37
205            <intent-filter android:priority="-500" >
205-->[:react-native-firebase_messaging] AndroidManifest.xml:20:13-22:29
206                <action android:name="com.google.firebase.MESSAGING_EVENT" />
206-->[:react-native-firebase_messaging] AndroidManifest.xml:21:17-78
206-->[:react-native-firebase_messaging] AndroidManifest.xml:21:25-75
207            </intent-filter>
208        </service>
209        <service
209-->[com.google.android.datatransport:transport-backend-cct:3.1.8] AndroidManifest.xml:28:9-34:19
210            android:name="com.google.android.datatransport.runtime.backends.TransportBackendDiscovery"
210-->[com.google.android.datatransport:transport-backend-cct:3.1.8] AndroidManifest.xml:29:13-103
211            android:exported="false" >
211-->[com.google.android.datatransport:transport-backend-cct:3.1.8] AndroidManifest.xml:30:13-37
212            <meta-data
212-->[com.google.android.datatransport:transport-backend-cct:3.1.8] AndroidManifest.xml:31:13-33:39
213                android:name="backend:com.google.android.datatransport.cct.CctBackendFactory"
213-->[com.google.android.datatransport:transport-backend-cct:3.1.8] AndroidManifest.xml:32:17-94
214                android:value="cct" />
214-->[com.google.android.datatransport:transport-backend-cct:3.1.8] AndroidManifest.xml:33:17-36
215        </service>
216        <service
216-->[com.google.android.datatransport:transport-runtime:3.1.8] AndroidManifest.xml:26:9-30:19
217            android:name="com.google.android.datatransport.runtime.scheduling.jobscheduling.JobInfoSchedulerService"
217-->[com.google.android.datatransport:transport-runtime:3.1.8] AndroidManifest.xml:27:13-117
218            android:exported="false"
218-->[com.google.android.datatransport:transport-runtime:3.1.8] AndroidManifest.xml:28:13-37
219            android:permission="android.permission.BIND_JOB_SERVICE" >
219-->[com.google.android.datatransport:transport-runtime:3.1.8] AndroidManifest.xml:29:13-69
220        </service>
221
222        <receiver
222-->[com.google.android.datatransport:transport-runtime:3.1.8] AndroidManifest.xml:32:9-34:40
223            android:name="com.google.android.datatransport.runtime.scheduling.jobscheduling.AlarmManagerSchedulerBroadcastReceiver"
223-->[com.google.android.datatransport:transport-runtime:3.1.8] AndroidManifest.xml:33:13-132
224            android:exported="false" />
224-->[com.google.android.datatransport:transport-runtime:3.1.8] AndroidManifest.xml:34:13-37
225
226        <provider
226-->[com.google.firebase:firebase-common:20.3.2] AndroidManifest.xml:25:9-30:39
227            android:name="com.google.firebase.provider.FirebaseInitProvider"
227-->[com.google.firebase:firebase-common:20.3.2] AndroidManifest.xml:26:13-77
228            android:authorities="com.d9dating.firebaseinitprovider"
228-->[com.google.firebase:firebase-common:20.3.2] AndroidManifest.xml:27:13-72
229            android:directBootAware="true"
229-->[com.google.firebase:firebase-common:20.3.2] AndroidManifest.xml:28:13-43
230            android:exported="false"
230-->[com.google.firebase:firebase-common:20.3.2] AndroidManifest.xml:29:13-37
231            android:initOrder="100" />
231-->[com.google.firebase:firebase-common:20.3.2] AndroidManifest.xml:30:13-36
232        <provider
232-->[androidx.work:work-runtime:2.7.1] AndroidManifest.xml:31:9-39:20
233            android:name="androidx.startup.InitializationProvider"
233-->[androidx.work:work-runtime:2.7.1] AndroidManifest.xml:32:13-67
234            android:authorities="com.d9dating.androidx-startup"
234-->[androidx.work:work-runtime:2.7.1] AndroidManifest.xml:33:13-68
235            android:exported="false" >
235-->[androidx.work:work-runtime:2.7.1] AndroidManifest.xml:34:13-37
236            <meta-data
236-->[androidx.work:work-runtime:2.7.1] AndroidManifest.xml:36:13-38:52
237                android:name="androidx.work.WorkManagerInitializer"
237-->[androidx.work:work-runtime:2.7.1] AndroidManifest.xml:37:17-68
238                android:value="androidx.startup" />
238-->[androidx.work:work-runtime:2.7.1] AndroidManifest.xml:38:17-49
239            <meta-data
239-->[androidx.emoji2:emoji2:1.0.0] AndroidManifest.xml:31:13-33:52
240                android:name="androidx.emoji2.text.EmojiCompatInitializer"
240-->[androidx.emoji2:emoji2:1.0.0] AndroidManifest.xml:32:17-75
241                android:value="androidx.startup" />
241-->[androidx.emoji2:emoji2:1.0.0] AndroidManifest.xml:33:17-49
242            <meta-data
242-->[androidx.lifecycle:lifecycle-process:2.4.0] AndroidManifest.xml:31:13-33:52
243                android:name="androidx.lifecycle.ProcessLifecycleInitializer"
243-->[androidx.lifecycle:lifecycle-process:2.4.0] AndroidManifest.xml:32:17-78
244                android:value="androidx.startup" />
244-->[androidx.lifecycle:lifecycle-process:2.4.0] AndroidManifest.xml:33:17-49
245        </provider>
246
247        <service
247-->[androidx.work:work-runtime:2.7.1] AndroidManifest.xml:41:9-46:35
248            android:name="androidx.work.impl.background.systemalarm.SystemAlarmService"
248-->[androidx.work:work-runtime:2.7.1] AndroidManifest.xml:42:13-88
249            android:directBootAware="false"
249-->[androidx.work:work-runtime:2.7.1] AndroidManifest.xml:43:13-44
250            android:enabled="@bool/enable_system_alarm_service_default"
250-->[androidx.work:work-runtime:2.7.1] AndroidManifest.xml:44:13-72
251            android:exported="false" />
251-->[androidx.work:work-runtime:2.7.1] AndroidManifest.xml:45:13-37
252        <service
252-->[androidx.work:work-runtime:2.7.1] AndroidManifest.xml:47:9-53:35